{"/Users/matveysurov/bnanaManager/src/bnanaManager.js": {"path":"/Users/matveysurov/bnanaManager/src/bnanaManager.js","statementMap":{"0":{"start":{"line":1,"column":29},"end":{"line":78,"column":3}},"1":{"start":{"line":3,"column":18},"end":{"line":3,"column":20}},"2":{"start":{"line":5,"column":23},"end":{"line":5,"column":25}},"3":{"start":{"line":8,"column":22},"end":{"line":15,"column":5}},"4":{"start":{"line":9,"column":6},"end":{"line":11,"column":7}},"5":{"start":{"line":10,"column":8},"end":{"line":10,"column":66}},"6":{"start":{"line":12,"column":21},"end":{"line":12,"column":71}},"7":{"start":{"line":13,"column":6},"end":{"line":13,"column":27}},"8":{"start":{"line":14,"column":6},"end":{"line":14,"column":47}},"9":{"start":{"line":18,"column":25},"end":{"line":24,"column":5}},"10":{"start":{"line":19,"column":21},"end":{"line":19,"column":51}},"11":{"start":{"line":19,"column":39},"end":{"line":19,"column":50}},"12":{"start":{"line":20,"column":6},"end":{"line":23,"column":7}},"13":{"start":{"line":21,"column":8},"end":{"line":21,"column":51}},"14":{"start":{"line":21,"column":38},"end":{"line":21,"column":49}},"15":{"start":{"line":22,"column":8},"end":{"line":22,"column":52}},"16":{"start":{"line":27,"column":23},"end":{"line":27,"column":36}},"17":{"start":{"line":27,"column":29},"end":{"line":27,"column":36}},"18":{"start":{"line":30,"column":30},"end":{"line":40,"column":5}},"19":{"start":{"line":31,"column":6},"end":{"line":33,"column":7}},"20":{"start":{"line":32,"column":8},"end":{"line":32,"column":71}},"21":{"start":{"line":34,"column":26},"end":{"line":37,"column":9}},"22":{"start":{"line":34,"column":54},"end":{"line":37,"column":7}},"23":{"start":{"line":38,"column":6},"end":{"line":38,"column":59}},"24":{"start":{"line":39,"column":6},"end":{"line":39,"column":25}},"25":{"start":{"line":43,"column":35},"end":{"line":46,"column":5}},"26":{"start":{"line":44,"column":6},"end":{"line":44,"column":56}},"27":{"start":{"line":44,"column":29},"end":{"line":44,"column":54}},"28":{"start":{"line":45,"column":6},"end":{"line":45,"column":40}},"29":{"start":{"line":49,"column":33},"end":{"line":54,"column":5}},"30":{"start":{"line":50,"column":22},"end":{"line":50,"column":59}},"31":{"start":{"line":50,"column":42},"end":{"line":50,"column":58}},"32":{"start":{"line":51,"column":6},"end":{"line":51,"column":53}},"33":{"start":{"line":51,"column":36},"end":{"line":51,"column":51}},"34":{"start":{"line":52,"column":6},"end":{"line":52,"column":59}},"35":{"start":{"line":53,"column":6},"end":{"line":53,"column":21}},"36":{"start":{"line":57,"column":32},"end":{"line":63,"column":5}},"37":{"start":{"line":58,"column":20},"end":{"line":58,"column":34}},"38":{"start":{"line":59,"column":31},"end":{"line":61,"column":11}},"39":{"start":{"line":60,"column":37},"end":{"line":60,"column":54}},"40":{"start":{"line":62,"column":6},"end":{"line":62,"column":41}},"41":{"start":{"line":66,"column":26},"end":{"line":66,"column":42}},"42":{"start":{"line":66,"column":32},"end":{"line":66,"column":42}},"43":{"start":{"line":68,"column":4},"end":{"line":77,"column":6}}},"fnMap":{"0":{"name":"(anonymous_0)","decl":{"start":{"line":1,"column":29},"end":{"line":1,"column":30}},"loc":{"start":{"line":1,"column":35},"end":{"line":78,"column":3}},"line":1},"1":{"name":"(anonymous_1)","decl":{"start":{"line":8,"column":22},"end":{"line":8,"column":23}},"loc":{"start":{"line":8,"column":42},"end":{"line":15,"column":5}},"line":8},"2":{"name":"(anonymous_2)","decl":{"start":{"line":18,"column":25},"end":{"line":18,"column":26}},"loc":{"start":{"line":18,"column":33},"end":{"line":24,"column":5}},"line":18},"3":{"name":"(anonymous_3)","decl":{"start":{"line":19,"column":34},"end":{"line":19,"column":35}},"loc":{"start":{"line":19,"column":39},"end":{"line":19,"column":50}},"line":19},"4":{"name":"(anonymous_4)","decl":{"start":{"line":21,"column":33},"end":{"line":21,"column":34}},"loc":{"start":{"line":21,"column":38},"end":{"line":21,"column":49}},"line":21},"5":{"name":"(anonymous_5)","decl":{"start":{"line":27,"column":23},"end":{"line":27,"column":24}},"loc":{"start":{"line":27,"column":29},"end":{"line":27,"column":36}},"line":27},"6":{"name":"(anonymous_6)","decl":{"start":{"line":30,"column":30},"end":{"line":30,"column":31}},"loc":{"start":{"line":30,"column":41},"end":{"line":40,"column":5}},"line":30},"7":{"name":"(anonymous_7)","decl":{"start":{"line":34,"column":36},"end":{"line":34,"column":37}},"loc":{"start":{"line":34,"column":54},"end":{"line":37,"column":7}},"line":34},"8":{"name":"(anonymous_8)","decl":{"start":{"line":43,"column":35},"end":{"line":43,"column":36}},"loc":{"start":{"line":43,"column":41},"end":{"line":46,"column":5}},"line":43},"9":{"name":"(anonymous_9)","decl":{"start":{"line":44,"column":19},"end":{"line":44,"column":20}},"loc":{"start":{"line":44,"column":29},"end":{"line":44,"column":54}},"line":44},"10":{"name":"(anonymous_10)","decl":{"start":{"line":49,"column":33},"end":{"line":49,"column":34}},"loc":{"start":{"line":49,"column":39},"end":{"line":54,"column":5}},"line":49},"11":{"name":"(anonymous_11)","decl":{"start":{"line":50,"column":37},"end":{"line":50,"column":38}},"loc":{"start":{"line":50,"column":42},"end":{"line":50,"column":58}},"line":50},"12":{"name":"(anonymous_12)","decl":{"start":{"line":51,"column":31},"end":{"line":51,"column":32}},"loc":{"start":{"line":51,"column":36},"end":{"line":51,"column":51}},"line":51},"13":{"name":"(anonymous_13)","decl":{"start":{"line":57,"column":32},"end":{"line":57,"column":33}},"loc":{"start":{"line":57,"column":38},"end":{"line":63,"column":5}},"line":57},"14":{"name":"(anonymous_14)","decl":{"start":{"line":60,"column":25},"end":{"line":60,"column":26}},"loc":{"start":{"line":60,"column":37},"end":{"line":60,"column":54}},"line":60},"15":{"name":"(anonymous_15)","decl":{"start":{"line":66,"column":26},"end":{"line":66,"column":27}},"loc":{"start":{"line":66,"column":32},"end":{"line":66,"column":42}},"line":66}},"branchMap":{"0":{"loc":{"start":{"line":8,"column":23},"end":{"line":8,"column":37}},"type":"default-arg","locations":[{"start":{"line":8,"column":35},"end":{"line":8,"column":37}}],"line":8},"1":{"loc":{"start":{"line":9,"column":6},"end":{"line":11,"column":7}},"type":"if","locations":[{"start":{"line":9,"column":6},"end":{"line":11,"column":7}},{"start":{},"end":{}}],"line":9},"2":{"loc":{"start":{"line":9,"column":10},"end":{"line":9,"column":41}},"type":"binary-expr","locations":[{"start":{"line":9,"column":10},"end":{"line":9,"column":23}},{"start":{"line":9,"column":27},"end":{"line":9,"column":41}}],"line":9},"3":{"loc":{"start":{"line":20,"column":6},"end":{"line":23,"column":7}},"type":"if","locations":[{"start":{"line":20,"column":6},"end":{"line":23,"column":7}},{"start":{},"end":{}}],"line":20},"4":{"loc":{"start":{"line":31,"column":6},"end":{"line":33,"column":7}},"type":"if","locations":[{"start":{"line":31,"column":6},"end":{"line":33,"column":7}},{"start":{},"end":{}}],"line":31},"5":{"loc":{"start":{"line":59,"column":31},"end":{"line":61,"column":11}},"type":"cond-expr","locations":[{"start":{"line":60,"column":10},"end":{"line":60,"column":66}},{"start":{"line":61,"column":10},"end":{"line":61,"column":11}}],"line":59}},"s":{"0":1,"1":14,"2":14,"3":14,"4":19,"5":4,"6":15,"7":15,"8":15,"9":14,"10":4,"11":3,"12":4,"13":2,"14":2,"15":2,"16":14,"17":9,"18":14,"19":2,"20":1,"21":1,"22":2,"23":1,"24":1,"25":14,"26":1,"27":1,"28":1,"29":14,"30":1,"31":2,"32":1,"33":2,"34":1,"35":1,"36":14,"37":1,"38":1,"39":2,"40":1,"41":14,"42":1,"43":14},"f":{"0":14,"1":19,"2":4,"3":3,"4":2,"5":9,"6":2,"7":2,"8":1,"9":1,"10":1,"11":2,"12":2,"13":1,"14":2,"15":1},"b":{"0":[0],"1":[4,15],"2":[19,17],"3":[2,2],"4":[1,1],"5":[1,0]},"inputSourceMap":null,"_coverageSchema":"1a1c01bbd47fc00a2c39e90264f33305004495a9","hash":"70aa04d0489f29d4f5e3996259913fd8ff9ce465"}
}
